main.py --train --cond --batch_method translation --attn --epochs 1000

Building data from ./data...
      batch_size: 20
batch_size_valid: 60
    batch_method: translation      (no sorting by target lengths)
          device: cpu
  is_conditional: True

15 batches
5 batches

vocab_size: 1282

train.txt
              # words: 6681
               # seqs: 300
  avg/max/min lengths: 22/72/3

src-train.txt
              # words: 6081
               # seqs: 300
  avg/max/min lengths: 20/70/1

Seq2Seq
      # parameters: 522682
        vocab_size: 1282
               dim: 100
          # layers: 2
    is_conditional: 1
     bidirectional: 0
        use_bridge: 0
     use_attention: 1

Control
            lr: 20.00
          bptt: 35

| epoch   1 |    20/   29 batches | lr 20.00 | ms/batch 121.38 | loss  7.62 | ppl  2038.20
-----------------------------------------------------------------------------------------
| end of epoch   1 | time:  4.06s | valid loss  5.94 | valid ppl   379.91 | valid sqxent   126.34
-----------------------------------------------------------------------------------------
| epoch   2 |    20/   29 batches | lr 20.00 | ms/batch 135.35 | loss  5.88 | ppl   358.63
-----------------------------------------------------------------------------------------
| end of epoch   2 | time:  4.35s | valid loss  5.57 | valid ppl   262.84 | valid sqxent   118.51
-----------------------------------------------------------------------------------------
| epoch   3 |    20/   29 batches | lr 20.00 | ms/batch 115.28 | loss  4.96 | ppl   142.99
-----------------------------------------------------------------------------------------
| end of epoch   3 | time:  3.92s | valid loss  5.51 | valid ppl   246.79 | valid sqxent   117.17
-----------------------------------------------------------------------------------------
| epoch   4 |    20/   29 batches | lr 20.00 | ms/batch 132.26 | loss  4.68 | ppl   107.28
-----------------------------------------------------------------------------------------
| end of epoch   4 | time:  4.32s | valid loss  5.44 | valid ppl   230.19 | valid sqxent   115.69
-----------------------------------------------------------------------------------------
| epoch   5 |    20/   29 batches | lr 20.00 | ms/batch 116.33 | loss  4.43 | ppl    84.13
-----------------------------------------------------------------------------------------
| end of epoch   5 | time:  4.36s | valid loss  5.41 | valid ppl   224.71 | valid sqxent   115.17
-----------------------------------------------------------------------------------------
| epoch   6 |    20/   29 batches | lr 20.00 | ms/batch 116.64 | loss  4.51 | ppl    91.14
-----------------------------------------------------------------------------------------
| end of epoch   6 | time:  3.97s | valid loss  5.38 | valid ppl   216.46 | valid sqxent   114.38
-----------------------------------------------------------------------------------------
| epoch   7 |    20/   29 batches | lr 20.00 | ms/batch 115.15 | loss  4.26 | ppl    70.78
-----------------------------------------------------------------------------------------
| end of epoch   7 | time:  3.93s | valid loss  5.33 | valid ppl   206.22 | valid sqxent   113.35
-----------------------------------------------------------------------------------------
| epoch   8 |    20/   29 batches | lr 20.00 | ms/batch 141.58 | loss  4.09 | ppl    59.93
-----------------------------------------------------------------------------------------
| end of epoch   8 | time:  4.74s | valid loss  5.11 | valid ppl   165.24 | valid sqxent   108.63
-----------------------------------------------------------------------------------------
| epoch   9 |    20/   29 batches | lr 20.00 | ms/batch 126.09 | loss  3.99 | ppl    54.26
-----------------------------------------------------------------------------------------
| end of epoch   9 | time:  4.23s | valid loss  5.21 | valid ppl   183.07 | valid sqxent   110.81
-----------------------------------------------------------------------------------------
| epoch  10 |    20/   29 batches | lr 5.00 | ms/batch 125.48 | loss  3.70 | ppl    40.48
-----------------------------------------------------------------------------------------
| end of epoch  10 | time:  4.24s | valid loss  4.95 | valid ppl   141.58 | valid sqxent   105.35
-----------------------------------------------------------------------------------------
| epoch  11 |    20/   29 batches | lr 5.00 | ms/batch 115.46 | loss  3.56 | ppl    35.02
-----------------------------------------------------------------------------------------
| end of epoch  11 | time:  3.93s | valid loss  4.89 | valid ppl   133.58 | valid sqxent   104.11
-----------------------------------------------------------------------------------------
| epoch  12 |    20/   29 batches | lr 5.00 | ms/batch 128.51 | loss  3.50 | ppl    33.20
-----------------------------------------------------------------------------------------
| end of epoch  12 | time:  4.29s | valid loss  4.84 | valid ppl   126.70 | valid sqxent   102.99
-----------------------------------------------------------------------------------------
| epoch  13 |    20/   29 batches | lr 5.00 | ms/batch 118.32 | loss  3.43 | ppl    30.91
-----------------------------------------------------------------------------------------
| end of epoch  13 | time:  3.97s | valid loss  4.81 | valid ppl   122.52 | valid sqxent   102.27
-----------------------------------------------------------------------------------------
| epoch  14 |    20/   29 batches | lr 5.00 | ms/batch 115.03 | loss  3.40 | ppl    29.97
-----------------------------------------------------------------------------------------
| end of epoch  14 | time:  3.97s | valid loss  4.77 | valid ppl   118.28 | valid sqxent   101.52
-----------------------------------------------------------------------------------------
| epoch  15 |    20/   29 batches | lr 5.00 | ms/batch 117.80 | loss  3.35 | ppl    28.60
-----------------------------------------------------------------------------------------
| end of epoch  15 | time:  4.05s | valid loss  4.70 | valid ppl   109.93 | valid sqxent    99.97
-----------------------------------------------------------------------------------------
-----------------------------------------------------------------------------------------
Exiting from training early
=========================================================================================
| End of training | final loss  4.70 | final ppl   109.93 | final sqxent    99.97
=========================================================================================
00:01:03
