main.py --train --cond --batch_method translation --attn --seed 42

Building data from ./data...
      batch_size: 20
batch_size_valid: 60
    batch_method: translation      (no sorting by target lengths)
          device: cpu
  is_conditional: True

15 batches
5 batches

vocab_size: 1282

train.txt
              # words: 6681
               # seqs: 300
  avg/max/min lengths: 22/72/3

src-train.txt
              # words: 6081
               # seqs: 300
  avg/max/min lengths: 20/70/1

Seq2Seq
      # parameters: 522682
        vocab_size: 1282
               dim: 100
          # layers: 2
    is_conditional: 1
     bidirectional: 0
        use_bridge: 0
     use_attention: 1

Control
            lr: 20.00
          bptt: 35

| epoch   1 |    20/   29 batches | lr 20.00 | ms/batch 117.72 | loss  7.56 | ppl  1914.04
-----------------------------------------------------------------------------------------
| end of epoch   1 | time:  4.00s | valid loss  6.12 | valid ppl   452.77 | valid sqxent   130.07
-----------------------------------------------------------------------------------------
| epoch   2 |    20/   29 batches | lr 20.00 | ms/batch 115.91 | loss  6.08 | ppl   438.96
-----------------------------------------------------------------------------------------
| end of epoch   2 | time:  3.91s | valid loss  5.98 | valid ppl   394.55 | valid sqxent   127.15
-----------------------------------------------------------------------------------------
| epoch   3 |    20/   29 batches | lr 20.00 | ms/batch 113.44 | loss  5.20 | ppl   180.40
-----------------------------------------------------------------------------------------
| end of epoch   3 | time:  3.89s | valid loss  5.67 | valid ppl   291.32 | valid sqxent   120.69
-----------------------------------------------------------------------------------------
| epoch   4 |    20/   29 batches | lr 20.00 | ms/batch 114.31 | loss  4.85 | ppl   127.97
-----------------------------------------------------------------------------------------
| end of epoch   4 | time:  3.91s | valid loss  5.49 | valid ppl   242.08 | valid sqxent   116.76
-----------------------------------------------------------------------------------------
| epoch   5 |    20/   29 batches | lr 20.00 | ms/batch 114.70 | loss  4.68 | ppl   107.50
-----------------------------------------------------------------------------------------
| end of epoch   5 | time:  3.97s | valid loss  5.47 | valid ppl   236.32 | valid sqxent   116.24
-----------------------------------------------------------------------------------------
| epoch   6 |    20/   29 batches | lr 20.00 | ms/batch 115.55 | loss  4.63 | ppl   103.02
-----------------------------------------------------------------------------------------
| end of epoch   6 | time:  3.91s | valid loss  5.47 | valid ppl   237.80 | valid sqxent   116.38
-----------------------------------------------------------------------------------------
| epoch   7 |    20/   29 batches | lr 5.00 | ms/batch 114.11 | loss  4.33 | ppl    75.75
-----------------------------------------------------------------------------------------
| end of epoch   7 | time:  3.91s | valid loss  5.43 | valid ppl   227.70 | valid sqxent   115.45
-----------------------------------------------------------------------------------------
| epoch   8 |    20/   29 batches | lr 5.00 | ms/batch 114.30 | loss  4.28 | ppl    71.90
-----------------------------------------------------------------------------------------
| end of epoch   8 | time:  3.88s | valid loss  5.42 | valid ppl   225.00 | valid sqxent   115.20
-----------------------------------------------------------------------------------------
| epoch   9 |    20/   29 batches | lr 5.00 | ms/batch 118.35 | loss  4.22 | ppl    67.85
-----------------------------------------------------------------------------------------
| end of epoch   9 | time:  4.20s | valid loss  5.37 | valid ppl   214.87 | valid sqxent   114.22
-----------------------------------------------------------------------------------------
| epoch  10 |    20/   29 batches | lr 5.00 | ms/batch 122.60 | loss  4.17 | ppl    64.75
-----------------------------------------------------------------------------------------
| end of epoch  10 | time:  4.21s | valid loss  5.32 | valid ppl   204.64 | valid sqxent   113.18
-----------------------------------------------------------------------------------------
=========================================================================================
| End of training | final loss  5.32 | final ppl   204.64 | final sqxent   113.18
=========================================================================================
00:00:41
