main.py --train --cond --batch_method translation --attn --epochs 140

Building data from ./data...
      batch_size: 20
batch_size_valid: 60
    batch_method: translation      (no sorting by target lengths)
          device: cpu
  is_conditional: True

15 batches
5 batches

vocab_size: 1282

train.txt
              # words: 6681
               # seqs: 300
  avg/max/min lengths: 22/72/3

src-train.txt
              # words: 6081
               # seqs: 300
  avg/max/min lengths: 20/70/1

Seq2Seq
      # parameters: 522682
        vocab_size: 1282
               dim: 100
          # layers: 2
    is_conditional: 1
     bidirectional: 0
        use_bridge: 0
     use_attention: 1

Control
            lr: 20.00
          bptt: 35

| epoch   1 |    20/   29 batches | lr 20.00 | ms/batch 159.32 | loss  7.62 | ppl  2038.20
-----------------------------------------------------------------------------------------
| end of epoch   1 | time:  4.96s | valid loss  5.94 | valid ppl   379.91 | valid sqxent   126.34
-----------------------------------------------------------------------------------------
| epoch   2 |    20/   29 batches | lr 20.00 | ms/batch 134.06 | loss  5.88 | ppl   358.63
-----------------------------------------------------------------------------------------
| end of epoch   2 | time:  4.49s | valid loss  5.57 | valid ppl   262.84 | valid sqxent   118.51
-----------------------------------------------------------------------------------------
| epoch   3 |    20/   29 batches | lr 20.00 | ms/batch 125.39 | loss  4.96 | ppl   142.99
-----------------------------------------------------------------------------------------
| end of epoch   3 | time:  4.29s | valid loss  5.51 | valid ppl   246.79 | valid sqxent   117.17
-----------------------------------------------------------------------------------------
| epoch   4 |    20/   29 batches | lr 20.00 | ms/batch 127.50 | loss  4.68 | ppl   107.28
-----------------------------------------------------------------------------------------
| end of epoch   4 | time:  4.30s | valid loss  5.44 | valid ppl   230.19 | valid sqxent   115.69
-----------------------------------------------------------------------------------------
| epoch   5 |    20/   29 batches | lr 20.00 | ms/batch 131.99 | loss  4.43 | ppl    84.13
-----------------------------------------------------------------------------------------
| end of epoch   5 | time:  4.42s | valid loss  5.41 | valid ppl   224.71 | valid sqxent   115.17
-----------------------------------------------------------------------------------------
| epoch   6 |    20/   29 batches | lr 20.00 | ms/batch 127.27 | loss  4.51 | ppl    91.14
-----------------------------------------------------------------------------------------
| end of epoch   6 | time:  4.48s | valid loss  5.38 | valid ppl   216.46 | valid sqxent   114.38
-----------------------------------------------------------------------------------------
| epoch   7 |    20/   29 batches | lr 20.00 | ms/batch 134.17 | loss  4.26 | ppl    70.78
-----------------------------------------------------------------------------------------
| end of epoch   7 | time:  4.44s | valid loss  5.33 | valid ppl   206.22 | valid sqxent   113.35
-----------------------------------------------------------------------------------------
| epoch   8 |    20/   29 batches | lr 20.00 | ms/batch 126.92 | loss  4.09 | ppl    59.93
-----------------------------------------------------------------------------------------
| end of epoch   8 | time:  4.30s | valid loss  5.11 | valid ppl   165.24 | valid sqxent   108.63
-----------------------------------------------------------------------------------------
| epoch   9 |    20/   29 batches | lr 20.00 | ms/batch 123.42 | loss  3.99 | ppl    54.26
-----------------------------------------------------------------------------------------
| end of epoch   9 | time:  4.23s | valid loss  5.21 | valid ppl   183.07 | valid sqxent   110.81
-----------------------------------------------------------------------------------------
| epoch  10 |    20/   29 batches | lr 5.00 | ms/batch 123.30 | loss  3.70 | ppl    40.48
-----------------------------------------------------------------------------------------
| end of epoch  10 | time:  4.21s | valid loss  4.95 | valid ppl   141.58 | valid sqxent   105.35
-----------------------------------------------------------------------------------------
| epoch  11 |    20/   29 batches | lr 5.00 | ms/batch 132.99 | loss  3.56 | ppl    35.02
-----------------------------------------------------------------------------------------
| end of epoch  11 | time:  4.54s | valid loss  4.89 | valid ppl   133.58 | valid sqxent   104.11
-----------------------------------------------------------------------------------------
| epoch  12 |    20/   29 batches | lr 5.00 | ms/batch 137.46 | loss  3.50 | ppl    33.20
-----------------------------------------------------------------------------------------
| end of epoch  12 | time:  4.62s | valid loss  4.84 | valid ppl   126.70 | valid sqxent   102.99
-----------------------------------------------------------------------------------------
| epoch  13 |    20/   29 batches | lr 5.00 | ms/batch 131.25 | loss  3.43 | ppl    30.91
-----------------------------------------------------------------------------------------
| end of epoch  13 | time:  4.37s | valid loss  4.81 | valid ppl   122.52 | valid sqxent   102.27
-----------------------------------------------------------------------------------------
| epoch  14 |    20/   29 batches | lr 5.00 | ms/batch 125.96 | loss  3.40 | ppl    29.97
-----------------------------------------------------------------------------------------
| end of epoch  14 | time:  4.28s | valid loss  4.77 | valid ppl   118.28 | valid sqxent   101.52
-----------------------------------------------------------------------------------------
| epoch  15 |    20/   29 batches | lr 5.00 | ms/batch 125.71 | loss  3.35 | ppl    28.60
-----------------------------------------------------------------------------------------
| end of epoch  15 | time:  4.21s | valid loss  4.70 | valid ppl   109.93 | valid sqxent    99.97
-----------------------------------------------------------------------------------------
| epoch  16 |    20/   29 batches | lr 5.00 | ms/batch 124.26 | loss  3.25 | ppl    25.75
-----------------------------------------------------------------------------------------
| end of epoch  16 | time:  4.21s | valid loss  4.69 | valid ppl   108.50 | valid sqxent    99.69
-----------------------------------------------------------------------------------------
| epoch  17 |    20/   29 batches | lr 5.00 | ms/batch 127.81 | loss  3.26 | ppl    26.02
-----------------------------------------------------------------------------------------
| end of epoch  17 | time:  4.33s | valid loss  4.64 | valid ppl   103.50 | valid sqxent    98.68
-----------------------------------------------------------------------------------------
| epoch  18 |    20/   29 batches | lr 5.00 | ms/batch 125.57 | loss  3.17 | ppl    23.85
-----------------------------------------------------------------------------------------
| end of epoch  18 | time:  4.25s | valid loss  4.58 | valid ppl    97.64 | valid sqxent    97.44
-----------------------------------------------------------------------------------------
| epoch  19 |    20/   29 batches | lr 5.00 | ms/batch 122.07 | loss  3.19 | ppl    24.20
-----------------------------------------------------------------------------------------
| end of epoch  19 | time:  4.29s | valid loss  4.55 | valid ppl    94.97 | valid sqxent    96.85
-----------------------------------------------------------------------------------------
| epoch  20 |    20/   29 batches | lr 5.00 | ms/batch 132.41 | loss  3.12 | ppl    22.74
-----------------------------------------------------------------------------------------
| end of epoch  20 | time:  4.58s | valid loss  4.49 | valid ppl    89.40 | valid sqxent    95.57
-----------------------------------------------------------------------------------------
| epoch  21 |    20/   29 batches | lr 5.00 | ms/batch 123.94 | loss  3.08 | ppl    21.81
-----------------------------------------------------------------------------------------
| end of epoch  21 | time:  4.21s | valid loss  4.47 | valid ppl    86.92 | valid sqxent    94.97
-----------------------------------------------------------------------------------------
| epoch  22 |    20/   29 batches | lr 5.00 | ms/batch 122.50 | loss  3.05 | ppl    21.13
-----------------------------------------------------------------------------------------
| end of epoch  22 | time:  4.22s | valid loss  4.41 | valid ppl    81.97 | valid sqxent    93.72
-----------------------------------------------------------------------------------------
| epoch  23 |    20/   29 batches | lr 5.00 | ms/batch 147.43 | loss  3.00 | ppl    20.05
-----------------------------------------------------------------------------------------
| end of epoch  23 | time:  4.88s | valid loss  4.36 | valid ppl    78.05 | valid sqxent    92.68
-----------------------------------------------------------------------------------------
| epoch  24 |    20/   29 batches | lr 5.00 | ms/batch 151.00 | loss  2.95 | ppl    19.08
-----------------------------------------------------------------------------------------
| end of epoch  24 | time:  4.89s | valid loss  4.31 | valid ppl    74.32 | valid sqxent    91.64
-----------------------------------------------------------------------------------------
| epoch  25 |    20/   29 batches | lr 5.00 | ms/batch 131.32 | loss  2.89 | ppl    17.95
-----------------------------------------------------------------------------------------
| end of epoch  25 | time:  4.48s | valid loss  4.27 | valid ppl    71.58 | valid sqxent    90.84
-----------------------------------------------------------------------------------------
| epoch  26 |    20/   29 batches | lr 5.00 | ms/batch 137.72 | loss  2.86 | ppl    17.51
-----------------------------------------------------------------------------------------
| end of epoch  26 | time:  4.72s | valid loss  4.26 | valid ppl    71.13 | valid sqxent    90.71
-----------------------------------------------------------------------------------------
| epoch  27 |    20/   29 batches | lr 5.00 | ms/batch 125.82 | loss  2.82 | ppl    16.76
-----------------------------------------------------------------------------------------
| end of epoch  27 | time:  4.24s | valid loss  4.26 | valid ppl    70.48 | valid sqxent    90.51
-----------------------------------------------------------------------------------------
| epoch  28 |    20/   29 batches | lr 5.00 | ms/batch 131.97 | loss  2.82 | ppl    16.81
-----------------------------------------------------------------------------------------
| end of epoch  28 | time:  4.54s | valid loss  4.16 | valid ppl    64.08 | valid sqxent    88.48
-----------------------------------------------------------------------------------------
| epoch  29 |    20/   29 batches | lr 5.00 | ms/batch 126.23 | loss  2.78 | ppl    16.13
-----------------------------------------------------------------------------------------
| end of epoch  29 | time:  4.39s | valid loss  4.14 | valid ppl    62.72 | valid sqxent    88.03
-----------------------------------------------------------------------------------------
| epoch  30 |    20/   29 batches | lr 5.00 | ms/batch 129.83 | loss  2.74 | ppl    15.56
-----------------------------------------------------------------------------------------
| end of epoch  30 | time:  4.37s | valid loss  4.12 | valid ppl    61.71 | valid sqxent    87.68
-----------------------------------------------------------------------------------------
| epoch  31 |    20/   29 batches | lr 5.00 | ms/batch 124.26 | loss  2.70 | ppl    14.93
-----------------------------------------------------------------------------------------
| end of epoch  31 | time:  4.26s | valid loss  4.06 | valid ppl    58.16 | valid sqxent    86.42
-----------------------------------------------------------------------------------------
| epoch  32 |    20/   29 batches | lr 5.00 | ms/batch 124.56 | loss  2.67 | ppl    14.48
-----------------------------------------------------------------------------------------
| end of epoch  32 | time:  4.18s | valid loss  4.06 | valid ppl    57.75 | valid sqxent    86.27
-----------------------------------------------------------------------------------------
| epoch  33 |    20/   29 batches | lr 5.00 | ms/batch 119.40 | loss  2.65 | ppl    14.14
-----------------------------------------------------------------------------------------
| end of epoch  33 | time:  4.06s | valid loss  4.03 | valid ppl    56.37 | valid sqxent    85.76
-----------------------------------------------------------------------------------------
| epoch  34 |    20/   29 batches | lr 5.00 | ms/batch 117.98 | loss  2.70 | ppl    14.91
-----------------------------------------------------------------------------------------
| end of epoch  34 | time:  4.00s | valid loss  3.96 | valid ppl    52.48 | valid sqxent    84.24
-----------------------------------------------------------------------------------------
| epoch  35 |    20/   29 batches | lr 5.00 | ms/batch 119.09 | loss  2.59 | ppl    13.38
-----------------------------------------------------------------------------------------
| end of epoch  35 | time:  4.04s | valid loss  3.94 | valid ppl    51.39 | valid sqxent    83.79
-----------------------------------------------------------------------------------------
| epoch  36 |    20/   29 batches | lr 5.00 | ms/batch 134.94 | loss  2.56 | ppl    12.98
-----------------------------------------------------------------------------------------
| end of epoch  36 | time:  4.49s | valid loss  3.98 | valid ppl    53.47 | valid sqxent    84.64
-----------------------------------------------------------------------------------------
| epoch  37 |    20/   29 batches | lr 1.25 | ms/batch 130.41 | loss  2.51 | ppl    12.25
-----------------------------------------------------------------------------------------
| end of epoch  37 | time:  4.45s | valid loss  3.84 | valid ppl    46.45 | valid sqxent    81.64
-----------------------------------------------------------------------------------------
| epoch  38 |    20/   29 batches | lr 1.25 | ms/batch 127.73 | loss  2.46 | ppl    11.69
-----------------------------------------------------------------------------------------
| end of epoch  38 | time:  4.44s | valid loss  3.81 | valid ppl    45.22 | valid sqxent    81.07
-----------------------------------------------------------------------------------------
| epoch  39 |    20/   29 batches | lr 1.25 | ms/batch 122.49 | loss  2.41 | ppl    11.11
-----------------------------------------------------------------------------------------
| end of epoch  39 | time:  4.08s | valid loss  3.79 | valid ppl    44.47 | valid sqxent    80.71
-----------------------------------------------------------------------------------------
| epoch  40 |    20/   29 batches | lr 1.25 | ms/batch 122.54 | loss  2.39 | ppl    10.87
-----------------------------------------------------------------------------------------
| end of epoch  40 | time:  4.25s | valid loss  3.77 | valid ppl    43.49 | valid sqxent    80.24
-----------------------------------------------------------------------------------------
| epoch  41 |    20/   29 batches | lr 1.25 | ms/batch 122.11 | loss  2.40 | ppl    11.05
-----------------------------------------------------------------------------------------
| end of epoch  41 | time:  4.09s | valid loss  3.76 | valid ppl    42.92 | valid sqxent    79.96
-----------------------------------------------------------------------------------------
| epoch  42 |    20/   29 batches | lr 1.25 | ms/batch 131.07 | loss  2.36 | ppl    10.59
-----------------------------------------------------------------------------------------
| end of epoch  42 | time:  4.36s | valid loss  3.75 | valid ppl    42.50 | valid sqxent    79.75
-----------------------------------------------------------------------------------------
| epoch  43 |    20/   29 batches | lr 1.25 | ms/batch 131.16 | loss  2.35 | ppl    10.49
-----------------------------------------------------------------------------------------
| end of epoch  43 | time:  4.77s | valid loss  3.73 | valid ppl    41.72 | valid sqxent    79.36
-----------------------------------------------------------------------------------------
| epoch  44 |    20/   29 batches | lr 1.25 | ms/batch 120.10 | loss  2.34 | ppl    10.39
-----------------------------------------------------------------------------------------
| end of epoch  44 | time:  4.06s | valid loss  3.72 | valid ppl    41.12 | valid sqxent    79.05
-----------------------------------------------------------------------------------------
| epoch  45 |    20/   29 batches | lr 1.25 | ms/batch 119.09 | loss  2.36 | ppl    10.58
-----------------------------------------------------------------------------------------
| end of epoch  45 | time:  4.15s | valid loss  3.71 | valid ppl    40.70 | valid sqxent    78.83
-----------------------------------------------------------------------------------------
| epoch  46 |    20/   29 batches | lr 1.25 | ms/batch 134.89 | loss  2.35 | ppl    10.44
-----------------------------------------------------------------------------------------
| end of epoch  46 | time:  4.39s | valid loss  3.70 | valid ppl    40.63 | valid sqxent    78.79
-----------------------------------------------------------------------------------------
| epoch  47 |    20/   29 batches | lr 1.25 | ms/batch 119.65 | loss  2.32 | ppl    10.22
-----------------------------------------------------------------------------------------
| end of epoch  47 | time:  4.04s | valid loss  3.68 | valid ppl    39.77 | valid sqxent    78.34
-----------------------------------------------------------------------------------------
| epoch  48 |    20/   29 batches | lr 1.25 | ms/batch 119.79 | loss  2.34 | ppl    10.35
-----------------------------------------------------------------------------------------
| end of epoch  48 | time:  4.04s | valid loss  3.67 | valid ppl    39.31 | valid sqxent    78.09
-----------------------------------------------------------------------------------------
| epoch  49 |    20/   29 batches | lr 1.25 | ms/batch 121.72 | loss  2.28 | ppl     9.81
-----------------------------------------------------------------------------------------
| end of epoch  49 | time:  4.30s | valid loss  3.66 | valid ppl    38.80 | valid sqxent    77.82
-----------------------------------------------------------------------------------------
| epoch  50 |    20/   29 batches | lr 1.25 | ms/batch 121.48 | loss  2.29 | ppl     9.83
-----------------------------------------------------------------------------------------
| end of epoch  50 | time:  4.07s | valid loss  3.65 | valid ppl    38.35 | valid sqxent    77.57
-----------------------------------------------------------------------------------------
| epoch  51 |    20/   29 batches | lr 1.25 | ms/batch 129.94 | loss  2.27 | ppl     9.65
-----------------------------------------------------------------------------------------
| end of epoch  51 | time:  4.28s | valid loss  3.64 | valid ppl    37.96 | valid sqxent    77.35
-----------------------------------------------------------------------------------------
| epoch  52 |    20/   29 batches | lr 1.25 | ms/batch 136.67 | loss  2.29 | ppl     9.85
-----------------------------------------------------------------------------------------
| end of epoch  52 | time:  5.08s | valid loss  3.63 | valid ppl    37.56 | valid sqxent    77.13
-----------------------------------------------------------------------------------------
| epoch  53 |    20/   29 batches | lr 1.25 | ms/batch 130.25 | loss  2.28 | ppl     9.73
-----------------------------------------------------------------------------------------
| end of epoch  53 | time:  4.30s | valid loss  3.62 | valid ppl    37.22 | valid sqxent    76.93
-----------------------------------------------------------------------------------------
| epoch  54 |    20/   29 batches | lr 1.25 | ms/batch 120.91 | loss  2.26 | ppl     9.54
-----------------------------------------------------------------------------------------
| end of epoch  54 | time:  4.15s | valid loss  3.60 | valid ppl    36.70 | valid sqxent    76.63
-----------------------------------------------------------------------------------------
| epoch  55 |    20/   29 batches | lr 1.25 | ms/batch 118.63 | loss  2.26 | ppl     9.57
-----------------------------------------------------------------------------------------
| end of epoch  55 | time:  4.04s | valid loss  3.60 | valid ppl    36.70 | valid sqxent    76.63
-----------------------------------------------------------------------------------------
| epoch  56 |    20/   29 batches | lr 1.25 | ms/batch 144.32 | loss  2.26 | ppl     9.57
-----------------------------------------------------------------------------------------
| end of epoch  56 | time:  4.72s | valid loss  3.58 | valid ppl    35.78 | valid sqxent    76.09
-----------------------------------------------------------------------------------------
| epoch  57 |    20/   29 batches | lr 1.25 | ms/batch 118.52 | loss  2.21 | ppl     9.11
-----------------------------------------------------------------------------------------
| end of epoch  57 | time:  4.02s | valid loss  3.57 | valid ppl    35.52 | valid sqxent    75.94
-----------------------------------------------------------------------------------------
| epoch  58 |    20/   29 batches | lr 1.25 | ms/batch 117.96 | loss  2.23 | ppl     9.26
-----------------------------------------------------------------------------------------
| end of epoch  58 | time:  4.09s | valid loss  3.56 | valid ppl    35.12 | valid sqxent    75.70
-----------------------------------------------------------------------------------------
| epoch  59 |    20/   29 batches | lr 1.25 | ms/batch 118.92 | loss  2.24 | ppl     9.36
-----------------------------------------------------------------------------------------
| end of epoch  59 | time:  4.06s | valid loss  3.55 | valid ppl    34.86 | valid sqxent    75.54
-----------------------------------------------------------------------------------------
| epoch  60 |    20/   29 batches | lr 1.25 | ms/batch 117.29 | loss  2.23 | ppl     9.29
-----------------------------------------------------------------------------------------
| end of epoch  60 | time:  4.21s | valid loss  3.54 | valid ppl    34.31 | valid sqxent    75.20
-----------------------------------------------------------------------------------------
| epoch  61 |    20/   29 batches | lr 1.25 | ms/batch 124.50 | loss  2.23 | ppl     9.26
-----------------------------------------------------------------------------------------
| end of epoch  61 | time:  4.18s | valid loss  3.52 | valid ppl    33.91 | valid sqxent    74.95
-----------------------------------------------------------------------------------------
| epoch  62 |    20/   29 batches | lr 1.25 | ms/batch 127.31 | loss  2.20 | ppl     9.00
-----------------------------------------------------------------------------------------
| end of epoch  62 | time:  4.95s | valid loss  3.51 | valid ppl    33.48 | valid sqxent    74.68
-----------------------------------------------------------------------------------------
| epoch  63 |    20/   29 batches | lr 1.25 | ms/batch 129.76 | loss  2.21 | ppl     9.10
-----------------------------------------------------------------------------------------
| end of epoch  63 | time:  4.39s | valid loss  3.50 | valid ppl    33.24 | valid sqxent    74.53
-----------------------------------------------------------------------------------------
| epoch  64 |    20/   29 batches | lr 1.25 | ms/batch 142.96 | loss  2.20 | ppl     9.00
-----------------------------------------------------------------------------------------
| end of epoch  64 | time:  5.07s | valid loss  3.49 | valid ppl    32.81 | valid sqxent    74.25
-----------------------------------------------------------------------------------------
| epoch  65 |    20/   29 batches | lr 1.25 | ms/batch 123.19 | loss  2.20 | ppl     9.01
-----------------------------------------------------------------------------------------
| end of epoch  65 | time:  4.24s | valid loss  3.48 | valid ppl    32.55 | valid sqxent    74.08
-----------------------------------------------------------------------------------------
| epoch  66 |    20/   29 batches | lr 1.25 | ms/batch 126.58 | loss  2.18 | ppl     8.82
-----------------------------------------------------------------------------------------
| end of epoch  66 | time:  4.19s | valid loss  3.47 | valid ppl    32.22 | valid sqxent    73.86
-----------------------------------------------------------------------------------------
| epoch  67 |    20/   29 batches | lr 1.25 | ms/batch 117.92 | loss  2.16 | ppl     8.71
-----------------------------------------------------------------------------------------
| end of epoch  67 | time:  4.02s | valid loss  3.46 | valid ppl    31.81 | valid sqxent    73.59
-----------------------------------------------------------------------------------------
| epoch  68 |    20/   29 batches | lr 1.25 | ms/batch 120.28 | loss  2.17 | ppl     8.72
-----------------------------------------------------------------------------------------
| end of epoch  68 | time:  4.05s | valid loss  3.45 | valid ppl    31.59 | valid sqxent    73.44
-----------------------------------------------------------------------------------------
| epoch  69 |    20/   29 batches | lr 1.25 | ms/batch 120.47 | loss  2.16 | ppl     8.65
-----------------------------------------------------------------------------------------
| end of epoch  69 | time:  4.09s | valid loss  3.43 | valid ppl    30.96 | valid sqxent    73.02
-----------------------------------------------------------------------------------------
| epoch  70 |    20/   29 batches | lr 1.25 | ms/batch 130.48 | loss  2.15 | ppl     8.56
-----------------------------------------------------------------------------------------
| end of epoch  70 | time:  4.27s | valid loss  3.43 | valid ppl    30.85 | valid sqxent    72.93
-----------------------------------------------------------------------------------------
| epoch  71 |    20/   29 batches | lr 1.25 | ms/batch 122.90 | loss  2.16 | ppl     8.66
-----------------------------------------------------------------------------------------
| end of epoch  71 | time:  4.28s | valid loss  3.43 | valid ppl    30.77 | valid sqxent    72.88
-----------------------------------------------------------------------------------------
| epoch  72 |    20/   29 batches | lr 1.25 | ms/batch 132.16 | loss  2.13 | ppl     8.42
-----------------------------------------------------------------------------------------
| end of epoch  72 | time:  4.42s | valid loss  3.41 | valid ppl    30.41 | valid sqxent    72.63
-----------------------------------------------------------------------------------------
| epoch  73 |    20/   29 batches | lr 1.25 | ms/batch 128.72 | loss  2.13 | ppl     8.38
-----------------------------------------------------------------------------------------
| end of epoch  73 | time:  4.20s | valid loss  3.42 | valid ppl    30.43 | valid sqxent    72.64
-----------------------------------------------------------------------------------------
| epoch  74 |    20/   29 batches | lr 0.31 | ms/batch 117.54 | loss  2.11 | ppl     8.26
-----------------------------------------------------------------------------------------
| end of epoch  74 | time:  4.07s | valid loss  3.39 | valid ppl    29.62 | valid sqxent    72.07
-----------------------------------------------------------------------------------------
| epoch  75 |    20/   29 batches | lr 0.31 | ms/batch 126.16 | loss  2.12 | ppl     8.36
-----------------------------------------------------------------------------------------
| end of epoch  75 | time:  4.19s | valid loss  3.38 | valid ppl    29.37 | valid sqxent    71.89
-----------------------------------------------------------------------------------------
| epoch  76 |    20/   29 batches | lr 0.31 | ms/batch 119.19 | loss  2.11 | ppl     8.21
-----------------------------------------------------------------------------------------
| end of epoch  76 | time:  4.02s | valid loss  3.38 | valid ppl    29.24 | valid sqxent    71.79
-----------------------------------------------------------------------------------------
| epoch  77 |    20/   29 batches | lr 0.31 | ms/batch 118.11 | loss  2.10 | ppl     8.16
-----------------------------------------------------------------------------------------
| end of epoch  77 | time:  4.02s | valid loss  3.37 | valid ppl    29.14 | valid sqxent    71.72
-----------------------------------------------------------------------------------------
| epoch  78 |    20/   29 batches | lr 0.31 | ms/batch 119.72 | loss  2.10 | ppl     8.19
-----------------------------------------------------------------------------------------
| end of epoch  78 | time:  4.02s | valid loss  3.37 | valid ppl    29.04 | valid sqxent    71.65
-----------------------------------------------------------------------------------------
| epoch  79 |    20/   29 batches | lr 0.31 | ms/batch 126.09 | loss  2.09 | ppl     8.06
-----------------------------------------------------------------------------------------
| end of epoch  79 | time:  4.20s | valid loss  3.36 | valid ppl    28.91 | valid sqxent    71.55
-----------------------------------------------------------------------------------------
| epoch  80 |    20/   29 batches | lr 0.31 | ms/batch 122.97 | loss  2.12 | ppl     8.34
-----------------------------------------------------------------------------------------
| end of epoch  80 | time:  4.27s | valid loss  3.36 | valid ppl    28.75 | valid sqxent    71.44
-----------------------------------------------------------------------------------------
| epoch  81 |    20/   29 batches | lr 0.31 | ms/batch 128.31 | loss  2.07 | ppl     7.94
-----------------------------------------------------------------------------------------
| end of epoch  81 | time:  4.47s | valid loss  3.36 | valid ppl    28.65 | valid sqxent    71.36
-----------------------------------------------------------------------------------------
| epoch  82 |    20/   29 batches | lr 0.31 | ms/batch 158.56 | loss  2.07 | ppl     7.91
-----------------------------------------------------------------------------------------
| end of epoch  82 | time:  4.92s | valid loss  3.35 | valid ppl    28.59 | valid sqxent    71.32
-----------------------------------------------------------------------------------------
| epoch  83 |    20/   29 batches | lr 0.31 | ms/batch 122.42 | loss  2.11 | ppl     8.22
-----------------------------------------------------------------------------------------
| end of epoch  83 | time:  4.20s | valid loss  3.35 | valid ppl    28.49 | valid sqxent    71.25
-----------------------------------------------------------------------------------------
| epoch  84 |    20/   29 batches | lr 0.31 | ms/batch 127.01 | loss  2.08 | ppl     7.99
-----------------------------------------------------------------------------------------
| end of epoch  84 | time:  4.27s | valid loss  3.34 | valid ppl    28.33 | valid sqxent    71.12
-----------------------------------------------------------------------------------------
| epoch  85 |    20/   29 batches | lr 0.31 | ms/batch 126.74 | loss  2.09 | ppl     8.07
-----------------------------------------------------------------------------------------
| end of epoch  85 | time:  4.30s | valid loss  3.34 | valid ppl    28.27 | valid sqxent    71.08
-----------------------------------------------------------------------------------------
| epoch  86 |    20/   29 batches | lr 0.31 | ms/batch 123.09 | loss  2.08 | ppl     8.00
-----------------------------------------------------------------------------------------
| end of epoch  86 | time:  4.13s | valid loss  3.34 | valid ppl    28.13 | valid sqxent    70.97
-----------------------------------------------------------------------------------------
| epoch  87 |    20/   29 batches | lr 0.31 | ms/batch 122.63 | loss  2.10 | ppl     8.19
-----------------------------------------------------------------------------------------
| end of epoch  87 | time:  4.12s | valid loss  3.34 | valid ppl    28.10 | valid sqxent    70.95
-----------------------------------------------------------------------------------------
| epoch  88 |    20/   29 batches | lr 0.31 | ms/batch 121.13 | loss  2.07 | ppl     7.93
-----------------------------------------------------------------------------------------
| end of epoch  88 | time:  4.10s | valid loss  3.33 | valid ppl    27.99 | valid sqxent    70.87
-----------------------------------------------------------------------------------------
| epoch  89 |    20/   29 batches | lr 0.31 | ms/batch 120.16 | loss  2.06 | ppl     7.84
-----------------------------------------------------------------------------------------
| end of epoch  89 | time:  4.08s | valid loss  3.33 | valid ppl    27.87 | valid sqxent    70.78
-----------------------------------------------------------------------------------------
| epoch  90 |    20/   29 batches | lr 0.31 | ms/batch 120.33 | loss  2.07 | ppl     7.91
-----------------------------------------------------------------------------------------
| end of epoch  90 | time:  4.06s | valid loss  3.32 | valid ppl    27.76 | valid sqxent    70.69
-----------------------------------------------------------------------------------------
| epoch  91 |    20/   29 batches | lr 0.31 | ms/batch 117.88 | loss  2.07 | ppl     7.89
-----------------------------------------------------------------------------------------
| end of epoch  91 | time:  4.13s | valid loss  3.32 | valid ppl    27.75 | valid sqxent    70.68
-----------------------------------------------------------------------------------------
| epoch  92 |    20/   29 batches | lr 0.31 | ms/batch 121.51 | loss  2.05 | ppl     7.77
-----------------------------------------------------------------------------------------
| end of epoch  92 | time:  4.13s | valid loss  3.32 | valid ppl    27.58 | valid sqxent    70.56
-----------------------------------------------------------------------------------------
| epoch  93 |    20/   29 batches | lr 0.31 | ms/batch 123.37 | loss  2.08 | ppl     8.04
-----------------------------------------------------------------------------------------
| end of epoch  93 | time:  4.25s | valid loss  3.32 | valid ppl    27.59 | valid sqxent    70.56
-----------------------------------------------------------------------------------------
| epoch  94 |    20/   29 batches | lr 0.08 | ms/batch 125.28 | loss  2.04 | ppl     7.70
-----------------------------------------------------------------------------------------
| end of epoch  94 | time:  4.46s | valid loss  3.31 | valid ppl    27.51 | valid sqxent    70.50
-----------------------------------------------------------------------------------------
| epoch  95 |    20/   29 batches | lr 0.08 | ms/batch 127.82 | loss  2.05 | ppl     7.74
-----------------------------------------------------------------------------------------
| end of epoch  95 | time:  4.20s | valid loss  3.31 | valid ppl    27.46 | valid sqxent    70.46
-----------------------------------------------------------------------------------------
| epoch  96 |    20/   29 batches | lr 0.08 | ms/batch 118.50 | loss  2.07 | ppl     7.89
-----------------------------------------------------------------------------------------
| end of epoch  96 | time:  4.03s | valid loss  3.31 | valid ppl    27.44 | valid sqxent    70.45
-----------------------------------------------------------------------------------------
| epoch  97 |    20/   29 batches | lr 0.08 | ms/batch 117.83 | loss  2.05 | ppl     7.79
-----------------------------------------------------------------------------------------
| end of epoch  97 | time:  3.99s | valid loss  3.31 | valid ppl    27.40 | valid sqxent    70.41
-----------------------------------------------------------------------------------------
| epoch  98 |    20/   29 batches | lr 0.08 | ms/batch 118.21 | loss  2.04 | ppl     7.67
-----------------------------------------------------------------------------------------
| end of epoch  98 | time:  4.15s | valid loss  3.31 | valid ppl    27.36 | valid sqxent    70.38
-----------------------------------------------------------------------------------------
| epoch  99 |    20/   29 batches | lr 0.08 | ms/batch 123.00 | loss  2.06 | ppl     7.87
-----------------------------------------------------------------------------------------
| end of epoch  99 | time:  4.09s | valid loss  3.31 | valid ppl    27.31 | valid sqxent    70.34
-----------------------------------------------------------------------------------------
| epoch 100 |    20/   29 batches | lr 0.08 | ms/batch 118.60 | loss  2.05 | ppl     7.79
-----------------------------------------------------------------------------------------
| end of epoch 100 | time:  4.13s | valid loss  3.31 | valid ppl    27.30 | valid sqxent    70.34
-----------------------------------------------------------------------------------------
| epoch 101 |    20/   29 batches | lr 0.08 | ms/batch 124.77 | loss  2.05 | ppl     7.74
-----------------------------------------------------------------------------------------
| end of epoch 101 | time:  4.33s | valid loss  3.31 | valid ppl    27.25 | valid sqxent    70.30
-----------------------------------------------------------------------------------------
| epoch 102 |    20/   29 batches | lr 0.08 | ms/batch 122.95 | loss  2.04 | ppl     7.71
-----------------------------------------------------------------------------------------
| end of epoch 102 | time:  4.12s | valid loss  3.30 | valid ppl    27.23 | valid sqxent    70.28
-----------------------------------------------------------------------------------------
| epoch 103 |    20/   29 batches | lr 0.08 | ms/batch 121.04 | loss  2.06 | ppl     7.84
-----------------------------------------------------------------------------------------
| end of epoch 103 | time:  4.08s | valid loss  3.30 | valid ppl    27.22 | valid sqxent    70.27
-----------------------------------------------------------------------------------------
| epoch 104 |    20/   29 batches | lr 0.08 | ms/batch 125.67 | loss  2.05 | ppl     7.79
-----------------------------------------------------------------------------------------
| end of epoch 104 | time:  4.31s | valid loss  3.30 | valid ppl    27.19 | valid sqxent    70.25
-----------------------------------------------------------------------------------------
| epoch 105 |    20/   29 batches | lr 0.08 | ms/batch 118.83 | loss  2.05 | ppl     7.77
-----------------------------------------------------------------------------------------
| end of epoch 105 | time:  4.02s | valid loss  3.30 | valid ppl    27.18 | valid sqxent    70.24
-----------------------------------------------------------------------------------------
| epoch 106 |    20/   29 batches | lr 0.08 | ms/batch 118.59 | loss  2.06 | ppl     7.88
-----------------------------------------------------------------------------------------
| end of epoch 106 | time:  4.18s | valid loss  3.30 | valid ppl    27.15 | valid sqxent    70.22
-----------------------------------------------------------------------------------------
| epoch 107 |    20/   29 batches | lr 0.08 | ms/batch 126.44 | loss  2.04 | ppl     7.69
-----------------------------------------------------------------------------------------
| end of epoch 107 | time:  4.16s | valid loss  3.30 | valid ppl    27.15 | valid sqxent    70.22
-----------------------------------------------------------------------------------------
| epoch 108 |    20/   29 batches | lr 0.02 | ms/batch 117.84 | loss  2.05 | ppl     7.80
-----------------------------------------------------------------------------------------
| end of epoch 108 | time:  4.00s | valid loss  3.30 | valid ppl    27.14 | valid sqxent    70.22
-----------------------------------------------------------------------------------------
| epoch 109 |    20/   29 batches | lr 0.02 | ms/batch 144.12 | loss  2.05 | ppl     7.74
-----------------------------------------------------------------------------------------
| end of epoch 109 | time:  4.53s | valid loss  3.30 | valid ppl    27.14 | valid sqxent    70.21
-----------------------------------------------------------------------------------------
| epoch 110 |    20/   29 batches | lr 0.02 | ms/batch 118.86 | loss  2.05 | ppl     7.73
-----------------------------------------------------------------------------------------
| end of epoch 110 | time:  4.05s | valid loss  3.30 | valid ppl    27.13 | valid sqxent    70.20
-----------------------------------------------------------------------------------------
| epoch 111 |    20/   29 batches | lr 0.02 | ms/batch 119.07 | loss  2.05 | ppl     7.78
-----------------------------------------------------------------------------------------
| end of epoch 111 | time:  4.09s | valid loss  3.30 | valid ppl    27.12 | valid sqxent    70.19
-----------------------------------------------------------------------------------------
| epoch 112 |    20/   29 batches | lr 0.02 | ms/batch 118.57 | loss  2.05 | ppl     7.78
-----------------------------------------------------------------------------------------
| end of epoch 112 | time:  4.02s | valid loss  3.30 | valid ppl    27.11 | valid sqxent    70.19
-----------------------------------------------------------------------------------------
| epoch 113 |    20/   29 batches | lr 0.02 | ms/batch 121.77 | loss  2.03 | ppl     7.58
-----------------------------------------------------------------------------------------
| end of epoch 113 | time:  4.09s | valid loss  3.30 | valid ppl    27.10 | valid sqxent    70.18
-----------------------------------------------------------------------------------------
| epoch 114 |    20/   29 batches | lr 0.02 | ms/batch 119.67 | loss  2.05 | ppl     7.74
-----------------------------------------------------------------------------------------
| end of epoch 114 | time:  4.18s | valid loss  3.30 | valid ppl    27.10 | valid sqxent    70.18
-----------------------------------------------------------------------------------------
| epoch 115 |    20/   29 batches | lr 0.02 | ms/batch 135.30 | loss  2.06 | ppl     7.84
-----------------------------------------------------------------------------------------
| end of epoch 115 | time:  4.46s | valid loss  3.30 | valid ppl    27.09 | valid sqxent    70.18
-----------------------------------------------------------------------------------------
| epoch 116 |    20/   29 batches | lr 0.02 | ms/batch 123.49 | loss  2.05 | ppl     7.80
-----------------------------------------------------------------------------------------
| end of epoch 116 | time:  4.18s | valid loss  3.30 | valid ppl    27.09 | valid sqxent    70.17
-----------------------------------------------------------------------------------------
| epoch 117 |    20/   29 batches | lr 0.02 | ms/batch 121.48 | loss  2.03 | ppl     7.62
-----------------------------------------------------------------------------------------
| end of epoch 117 | time:  4.11s | valid loss  3.30 | valid ppl    27.08 | valid sqxent    70.16
-----------------------------------------------------------------------------------------
| epoch 118 |    20/   29 batches | lr 0.02 | ms/batch 120.57 | loss  2.04 | ppl     7.70
-----------------------------------------------------------------------------------------
| end of epoch 118 | time:  4.09s | valid loss  3.30 | valid ppl    27.07 | valid sqxent    70.16
-----------------------------------------------------------------------------------------
| epoch 119 |    20/   29 batches | lr 0.02 | ms/batch 120.29 | loss  2.04 | ppl     7.70
-----------------------------------------------------------------------------------------
| end of epoch 119 | time:  4.48s | valid loss  3.30 | valid ppl    27.06 | valid sqxent    70.15
-----------------------------------------------------------------------------------------
| epoch 120 |    20/   29 batches | lr 0.02 | ms/batch 139.23 | loss  2.05 | ppl     7.78
-----------------------------------------------------------------------------------------
| end of epoch 120 | time:  4.70s | valid loss  3.30 | valid ppl    27.06 | valid sqxent    70.15
-----------------------------------------------------------------------------------------
| epoch 121 |    20/   29 batches | lr 0.02 | ms/batch 156.00 | loss  2.06 | ppl     7.84
-----------------------------------------------------------------------------------------
| end of epoch 121 | time:  4.80s | valid loss  3.30 | valid ppl    27.05 | valid sqxent    70.14
-----------------------------------------------------------------------------------------
| epoch 122 |    20/   29 batches | lr 0.02 | ms/batch 128.39 | loss  2.05 | ppl     7.76
-----------------------------------------------------------------------------------------
| end of epoch 122 | time:  4.34s | valid loss  3.30 | valid ppl    27.05 | valid sqxent    70.14
-----------------------------------------------------------------------------------------
| epoch 123 |    20/   29 batches | lr 0.02 | ms/batch 135.81 | loss  2.05 | ppl     7.78
-----------------------------------------------------------------------------------------
| end of epoch 123 | time:  4.44s | valid loss  3.30 | valid ppl    27.05 | valid sqxent    70.14
-----------------------------------------------------------------------------------------
| epoch 124 |    20/   29 batches | lr 0.02 | ms/batch 131.90 | loss  2.05 | ppl     7.77
-----------------------------------------------------------------------------------------
| end of epoch 124 | time:  4.73s | valid loss  3.30 | valid ppl    27.04 | valid sqxent    70.14
-----------------------------------------------------------------------------------------
| epoch 125 |    20/   29 batches | lr 0.02 | ms/batch 120.96 | loss  2.04 | ppl     7.69
-----------------------------------------------------------------------------------------
| end of epoch 125 | time:  4.28s | valid loss  3.30 | valid ppl    27.04 | valid sqxent    70.13
-----------------------------------------------------------------------------------------
| epoch 126 |    20/   29 batches | lr 0.02 | ms/batch 145.10 | loss  2.04 | ppl     7.71
-----------------------------------------------------------------------------------------
| end of epoch 126 | time:  4.80s | valid loss  3.30 | valid ppl    27.03 | valid sqxent    70.12
-----------------------------------------------------------------------------------------
| epoch 127 |    20/   29 batches | lr 0.02 | ms/batch 127.52 | loss  2.05 | ppl     7.76
-----------------------------------------------------------------------------------------
| end of epoch 127 | time:  4.47s | valid loss  3.30 | valid ppl    27.01 | valid sqxent    70.11
-----------------------------------------------------------------------------------------
| epoch 128 |    20/   29 batches | lr 0.02 | ms/batch 129.33 | loss  2.04 | ppl     7.72
-----------------------------------------------------------------------------------------
| end of epoch 128 | time:  4.29s | valid loss  3.30 | valid ppl    27.01 | valid sqxent    70.11
-----------------------------------------------------------------------------------------
| epoch 129 |    20/   29 batches | lr 0.02 | ms/batch 122.23 | loss  2.04 | ppl     7.67
-----------------------------------------------------------------------------------------
| end of epoch 129 | time:  4.15s | valid loss  3.30 | valid ppl    27.00 | valid sqxent    70.10
-----------------------------------------------------------------------------------------
| epoch 130 |    20/   29 batches | lr 0.02 | ms/batch 128.48 | loss  2.04 | ppl     7.70
-----------------------------------------------------------------------------------------
| end of epoch 130 | time:  4.47s | valid loss  3.30 | valid ppl    27.00 | valid sqxent    70.10
-----------------------------------------------------------------------------------------
| epoch 131 |    20/   29 batches | lr 0.02 | ms/batch 122.89 | loss  2.05 | ppl     7.74
-----------------------------------------------------------------------------------------
| end of epoch 131 | time:  4.51s | valid loss  3.30 | valid ppl    26.99 | valid sqxent    70.09
-----------------------------------------------------------------------------------------
| epoch 132 |    20/   29 batches | lr 0.02 | ms/batch 123.60 | loss  2.04 | ppl     7.70
-----------------------------------------------------------------------------------------
| end of epoch 132 | time:  4.21s | valid loss  3.30 | valid ppl    26.98 | valid sqxent    70.09
-----------------------------------------------------------------------------------------
| epoch 133 |    20/   29 batches | lr 0.02 | ms/batch 132.89 | loss  2.04 | ppl     7.71
-----------------------------------------------------------------------------------------
| end of epoch 133 | time:  4.36s | valid loss  3.29 | valid ppl    26.97 | valid sqxent    70.08
-----------------------------------------------------------------------------------------
| epoch 134 |    20/   29 batches | lr 0.02 | ms/batch 119.84 | loss  2.03 | ppl     7.63
-----------------------------------------------------------------------------------------
| end of epoch 134 | time:  4.07s | valid loss  3.29 | valid ppl    26.96 | valid sqxent    70.07
-----------------------------------------------------------------------------------------
| epoch 135 |    20/   29 batches | lr 0.02 | ms/batch 120.84 | loss  2.05 | ppl     7.80
-----------------------------------------------------------------------------------------
| end of epoch 135 | time:  4.18s | valid loss  3.29 | valid ppl    26.95 | valid sqxent    70.06
-----------------------------------------------------------------------------------------
| epoch 136 |    20/   29 batches | lr 0.02 | ms/batch 120.24 | loss  2.04 | ppl     7.68
-----------------------------------------------------------------------------------------
| end of epoch 136 | time:  4.10s | valid loss  3.29 | valid ppl    26.95 | valid sqxent    70.06
-----------------------------------------------------------------------------------------
| epoch 137 |    20/   29 batches | lr 0.00 | ms/batch 120.28 | loss  2.06 | ppl     7.82
-----------------------------------------------------------------------------------------
| end of epoch 137 | time:  4.08s | valid loss  3.29 | valid ppl    26.95 | valid sqxent    70.06
-----------------------------------------------------------------------------------------
| epoch 138 |    20/   29 batches | lr 0.00 | ms/batch 120.05 | loss  2.04 | ppl     7.71
-----------------------------------------------------------------------------------------
| end of epoch 138 | time:  4.07s | valid loss  3.29 | valid ppl    26.95 | valid sqxent    70.06
-----------------------------------------------------------------------------------------
| epoch 139 |    20/   29 batches | lr 0.00 | ms/batch 129.91 | loss  2.03 | ppl     7.61
-----------------------------------------------------------------------------------------
| end of epoch 139 | time:  4.34s | valid loss  3.29 | valid ppl    26.95 | valid sqxent    70.06
-----------------------------------------------------------------------------------------
| epoch 140 |    20/   29 batches | lr 0.00 | ms/batch 123.73 | loss  2.03 | ppl     7.62
-----------------------------------------------------------------------------------------
| end of epoch 140 | time:  4.24s | valid loss  3.29 | valid ppl    26.95 | valid sqxent    70.06
-----------------------------------------------------------------------------------------
=========================================================================================
| End of training | final loss  3.29 | final ppl    26.95 | final sqxent    70.06
=========================================================================================
00:10:05
